{
  level: 'error',
  message: 'something is wrong The `uri` parameter to `openUri()` must be a string, got "undefined". Make sure the first parameter to `mongoose.connect()` or `mongoose.createConnection()` is a string.',
  stack: 'MongooseError: The `uri` parameter to `openUri()` must be a string, got "undefined". Make sure the first parameter to `mongoose.connect()` or `mongoose.createConnection()` is a string.\n' +
    '    at NativeConnection.createClient (D:\\My Team work\\Social-media-app-backend\\node_modules\\mongoose\\lib\\drivers\\node-mongodb-native\\connection.js:206:11)\n' +
    '    at NativeConnection.openUri (D:\\My Team work\\Social-media-app-backend\\node_modules\\mongoose\\lib\\connection.js:755:34)\n' +
    '    at Mongoose.connect (D:\\My Team work\\Social-media-app-backend\\node_modules\\mongoose\\lib\\mongoose.js:402:15)\n' +
    '    at Run (D:\\My Team work\\Social-media-app-backend\\src\\server.ts:24:20)\n' +
    '    at Object.<anonymous> (D:\\My Team work\\Social-media-app-backend\\src\\server.ts:47:1)\n' +
    '    at Module._compile (node:internal/modules/cjs/loader:1376:14)\n' +
    '    at Module._compile (D:\\My Team work\\Social-media-app-backend\\node_modules\\source-map-support\\source-map-support.js:568:25)\n' +
    '    at Module.m._compile (C:\\Users\\User\\AppData\\Local\\Temp\\ts-node-dev-hook-808403849851902.js:69:33)\n' +
    '    at Module._extensions..js (node:internal/modules/cjs/loader:1435:10)\n' +
    '    at require.extensions..jsx.require.extensions..js (C:\\Users\\User\\AppData\\Local\\Temp\\ts-node-dev-hook-808403849851902.js:114:20)',
  label: 'right meow!',
  timestamp: '2024-01-31T22:02:52.086Z'
}
{
  level: 'error',
  message: 'something is wrong The `uri` parameter to `openUri()` must be a string, got "undefined". Make sure the first parameter to `mongoose.connect()` or `mongoose.createConnection()` is a string.',
  stack: 'MongooseError: The `uri` parameter to `openUri()` must be a string, got "undefined". Make sure the first parameter to `mongoose.connect()` or `mongoose.createConnection()` is a string.\n' +
    '    at NativeConnection.createClient (D:\\My Team work\\Social-media-app-backend\\node_modules\\mongoose\\lib\\drivers\\node-mongodb-native\\connection.js:206:11)\n' +
    '    at NativeConnection.openUri (D:\\My Team work\\Social-media-app-backend\\node_modules\\mongoose\\lib\\connection.js:755:34)\n' +
    '    at Mongoose.connect (D:\\My Team work\\Social-media-app-backend\\node_modules\\mongoose\\lib\\mongoose.js:402:15)\n' +
    '    at Run (D:\\My Team work\\Social-media-app-backend\\src\\server.ts:24:20)\n' +
    '    at Object.<anonymous> (D:\\My Team work\\Social-media-app-backend\\src\\server.ts:47:1)\n' +
    '    at Module._compile (node:internal/modules/cjs/loader:1376:14)\n' +
    '    at Module._compile (D:\\My Team work\\Social-media-app-backend\\node_modules\\source-map-support\\source-map-support.js:568:25)\n' +
    '    at Module.m._compile (C:\\Users\\User\\AppData\\Local\\Temp\\ts-node-dev-hook-808403849851902.js:69:33)\n' +
    '    at Module._extensions..js (node:internal/modules/cjs/loader:1435:10)\n' +
    '    at require.extensions..jsx.require.extensions..js (C:\\Users\\User\\AppData\\Local\\Temp\\ts-node-dev-hook-808403849851902.js:114:20)',
  label: 'right meow!',
  timestamp: '2024-01-31T22:03:52.358Z'
}
{
  level: 'error',
  message: 'something is wrong The `uri` parameter to `openUri()` must be a string, got "undefined". Make sure the first parameter to `mongoose.connect()` or `mongoose.createConnection()` is a string.',
  stack: 'MongooseError: The `uri` parameter to `openUri()` must be a string, got "undefined". Make sure the first parameter to `mongoose.connect()` or `mongoose.createConnection()` is a string.\n' +
    '    at NativeConnection.createClient (D:\\My Team work\\Social-media-app-backend\\node_modules\\mongoose\\lib\\drivers\\node-mongodb-native\\connection.js:206:11)\n' +
    '    at NativeConnection.openUri (D:\\My Team work\\Social-media-app-backend\\node_modules\\mongoose\\lib\\connection.js:755:34)\n' +
    '    at Mongoose.connect (D:\\My Team work\\Social-media-app-backend\\node_modules\\mongoose\\lib\\mongoose.js:402:15)\n' +
    '    at Run (D:\\My Team work\\Social-media-app-backend\\src\\server.ts:24:20)\n' +
    '    at Object.<anonymous> (D:\\My Team work\\Social-media-app-backend\\src\\server.ts:47:1)\n' +
    '    at Module._compile (node:internal/modules/cjs/loader:1376:14)\n' +
    '    at Module._compile (D:\\My Team work\\Social-media-app-backend\\node_modules\\source-map-support\\source-map-support.js:568:25)\n' +
    '    at Module.m._compile (C:\\Users\\User\\AppData\\Local\\Temp\\ts-node-dev-hook-808403849851902.js:69:33)\n' +
    '    at Module._extensions..js (node:internal/modules/cjs/loader:1435:10)\n' +
    '    at require.extensions..jsx.require.extensions..js (C:\\Users\\User\\AppData\\Local\\Temp\\ts-node-dev-hook-808403849851902.js:114:20)',
  label: 'right meow!',
  timestamp: '2024-01-31T22:05:18.116Z'
}
{
  level: 'error',
  message: 'something is wrong The `uri` parameter to `openUri()` must be a string, got "undefined". Make sure the first parameter to `mongoose.connect()` or `mongoose.createConnection()` is a string.',
  stack: 'MongooseError: The `uri` parameter to `openUri()` must be a string, got "undefined". Make sure the first parameter to `mongoose.connect()` or `mongoose.createConnection()` is a string.\n' +
    '    at NativeConnection.createClient (D:\\My Team work\\Social-media-app-backend\\node_modules\\mongoose\\lib\\drivers\\node-mongodb-native\\connection.js:206:11)\n' +
    '    at NativeConnection.openUri (D:\\My Team work\\Social-media-app-backend\\node_modules\\mongoose\\lib\\connection.js:755:34)\n' +
    '    at Mongoose.connect (D:\\My Team work\\Social-media-app-backend\\node_modules\\mongoose\\lib\\mongoose.js:402:15)\n' +
    '    at Run (D:\\My Team work\\Social-media-app-backend\\src\\server.ts:24:20)\n' +
    '    at Object.<anonymous> (D:\\My Team work\\Social-media-app-backend\\src\\server.ts:47:1)\n' +
    '    at Module._compile (node:internal/modules/cjs/loader:1376:14)\n' +
    '    at Module._compile (D:\\My Team work\\Social-media-app-backend\\node_modules\\source-map-support\\source-map-support.js:568:25)\n' +
    '    at Module.m._compile (C:\\Users\\User\\AppData\\Local\\Temp\\ts-node-dev-hook-808403849851902.js:69:33)\n' +
    '    at Module._extensions..js (node:internal/modules/cjs/loader:1435:10)\n' +
    '    at require.extensions..jsx.require.extensions..js (C:\\Users\\User\\AppData\\Local\\Temp\\ts-node-dev-hook-808403849851902.js:114:20)',
  label: 'right meow!',
  timestamp: '2024-01-31T22:06:46.632Z'
}
{
  level: 'error',
  message: 'something is wrong The `uri` parameter to `openUri()` must be a string, got "undefined". Make sure the first parameter to `mongoose.connect()` or `mongoose.createConnection()` is a string.',
  stack: 'MongooseError: The `uri` parameter to `openUri()` must be a string, got "undefined". Make sure the first parameter to `mongoose.connect()` or `mongoose.createConnection()` is a string.\n' +
    '    at NativeConnection.createClient (D:\\My Team work\\Social-media-app-backend\\node_modules\\mongoose\\lib\\drivers\\node-mongodb-native\\connection.js:206:11)\n' +
    '    at NativeConnection.openUri (D:\\My Team work\\Social-media-app-backend\\node_modules\\mongoose\\lib\\connection.js:755:34)\n' +
    '    at Mongoose.connect (D:\\My Team work\\Social-media-app-backend\\node_modules\\mongoose\\lib\\mongoose.js:402:15)\n' +
    '    at Run (D:\\My Team work\\Social-media-app-backend\\src\\server.ts:24:20)\n' +
    '    at Object.<anonymous> (D:\\My Team work\\Social-media-app-backend\\src\\server.ts:47:1)\n' +
    '    at Module._compile (node:internal/modules/cjs/loader:1376:14)\n' +
    '    at Module._compile (D:\\My Team work\\Social-media-app-backend\\node_modules\\source-map-support\\source-map-support.js:568:25)\n' +
    '    at Module.m._compile (C:\\Users\\User\\AppData\\Local\\Temp\\ts-node-dev-hook-808403849851902.js:69:33)\n' +
    '    at Module._extensions..js (node:internal/modules/cjs/loader:1435:10)\n' +
    '    at require.extensions..jsx.require.extensions..js (C:\\Users\\User\\AppData\\Local\\Temp\\ts-node-dev-hook-808403849851902.js:114:20)',
  label: 'right meow!',
  timestamp: '2024-01-31T22:07:53.611Z'
}
{
  level: 'error',
  message: 'something is wrong The `uri` parameter to `openUri()` must be a string, got "undefined". Make sure the first parameter to `mongoose.connect()` or `mongoose.createConnection()` is a string.',
  stack: 'MongooseError: The `uri` parameter to `openUri()` must be a string, got "undefined". Make sure the first parameter to `mongoose.connect()` or `mongoose.createConnection()` is a string.\n' +
    '    at NativeConnection.createClient (D:\\My Team work\\Social-media-app-backend\\node_modules\\mongoose\\lib\\drivers\\node-mongodb-native\\connection.js:206:11)\n' +
    '    at NativeConnection.openUri (D:\\My Team work\\Social-media-app-backend\\node_modules\\mongoose\\lib\\connection.js:755:34)\n' +
    '    at Mongoose.connect (D:\\My Team work\\Social-media-app-backend\\node_modules\\mongoose\\lib\\mongoose.js:402:15)\n' +
    '    at Run (D:\\My Team work\\Social-media-app-backend\\src\\server.ts:24:20)\n' +
    '    at Object.<anonymous> (D:\\My Team work\\Social-media-app-backend\\src\\server.ts:47:1)\n' +
    '    at Module._compile (node:internal/modules/cjs/loader:1376:14)\n' +
    '    at Module._compile (D:\\My Team work\\Social-media-app-backend\\node_modules\\source-map-support\\source-map-support.js:568:25)\n' +
    '    at Module.m._compile (C:\\Users\\User\\AppData\\Local\\Temp\\ts-node-dev-hook-808403849851902.js:69:33)\n' +
    '    at Module._extensions..js (node:internal/modules/cjs/loader:1435:10)\n' +
    '    at require.extensions..jsx.require.extensions..js (C:\\Users\\User\\AppData\\Local\\Temp\\ts-node-dev-hook-808403849851902.js:114:20)',
  label: 'right meow!',
  timestamp: '2024-01-31T22:08:25.705Z'
}
